<?xml version="1.0" encoding="UTF-8" standalone="no"?><testsuite errors="1" failures="0" name="Login in the application" skipped="0" tests="1" time="64.77" timestamp="2024-10-07 04:55:33"><testcase name="User login with valid credentials"><error message="class org.openqa.selenium.chrome.ChromeDriver cannot be cast to class io.appium.java_client.AppiumDriver (org.openqa.selenium.chrome.ChromeDriver and io.appium.java_client.AppiumDriver are in unnamed module of loader 'app')" type="java.lang.ClassCastException">class org.openqa.selenium.chrome.ChromeDriver cannot be cast to class io.appium.java_client.AppiumDriver (org.openqa.selenium.chrome.ChromeDriver and io.appium.java_client.AppiumDriver are in unnamed module of loader 'app')</error><system-err>class org.openqa.selenium.chrome.ChromeDriver cannot be cast to class io.appium.java_client.AppiumDriver (org.openqa.selenium.chrome.ChromeDriver and io.appium.java_client.AppiumDriver are in unnamed module of loader 'app')&#13;
co.com.certificacion.mobile.tasks.AppiumConfig.performAs(InstallApp.java:21)&#13;
co.com.certificacion.mobile.stepdefinitions.login.LoginAppStepDefinition.userIsOnTheLoginApplication(LoginAppStepDefinition.java:20)&#13;
worker.org.gradle.process.internal.worker.GradleWorkerMain.run(GradleWorkerMain.java:69)&#13;
worker.org.gradle.process.internal.worker.GradleWorkerMain.main(GradleWorkerMain.java:74)&#13;
</system-err></testcase></testsuite>