<?xml version="1.0" encoding="UTF-8" standalone="no"?><testsuite errors="1" failures="0" name="Login in the application" skipped="0" tests="1" time="0.0" timestamp="2025-10-23 05:50:41"><testcase name="Generate actions in saving account"><error message="After several attempts, could not instantiate new WebDriver instance of type class io.appium.java_client.AppiumDriver (Could not start a new session. Possible causes are invalid address of the remote server or browser start-up failure. &#10;Host info: host: 'PB0B0947162', ip: '192.168.1.11'&#10;Build info: version: '4.33.0', revision: '2c6aaad03a'&#10;System info: os.name: 'Windows 11', os.arch: 'amd64', os.version: '10.0', java.version: '11.0.23'&#10;Driver info: io.appium.java_client.android.AndroidDriver&#10;Command: [null, newSession {capabilities=[Capabilities {appActivity: co.com.bancolombia.personas..., appPackage: co.com.bancolombia.personas..., appWaitDuration: 20000, autoGrantPermissions: true, automationName: UiAutomator2, deviceName: Pixel_3a_API_34_extension_l..., hub: http://127.0.0.1:4723/, newCommandTimeout: 90, platformName: ANDROID, platformVersion: 14, skipUnlock: true, udid: emulator-5554}]}]&#10;Capabilities {appActivity: co.com.bancolombia.personas..., appPackage: co.com.bancolombia.personas..., appWaitDuration: 20000, autoGrantPermissions: true, automationName: UiAutomator2, deviceName: Pixel_3a_API_34_extension_l..., hub: http://127.0.0.1:4723/, newCommandTimeout: 90, platformName: ANDROID, platformVersion: 14, skipUnlock: true, udid: emulator-5554}). See below for more details." type="net.thucydides.core.webdriver.DriverConfigurationError">After several attempts, could not instantiate new WebDriver instance of type class io.appium.java_client.AppiumDriver (Could not start a new session. Possible causes are invalid address of the remote server or browser start-up failure. 
Host info: host: 'PB0B0947162', ip: '192.168.1.11'
Build info: version: '4.33.0', revision: '2c6aaad03a'
System info: os.name: 'Windows 11', os.arch: 'amd64', os.version: '10.0', java.version: '11.0.23'
Driver info: io.appium.java_client.android.AndroidDriver
Command: [null, newSession {capabilities=[Capabilities {appActivity: co.com.bancolombia.personas..., appPackage: co.com.bancolombia.personas..., appWaitDuration: 20000, autoGrantPermissions: true, automationName: UiAutomator2, deviceName: Pixel_3a_API_34_extension_l..., hub: http://127.0.0.1:4723/, newCommandTimeout: 90, platformName: ANDROID, platformVersion: 14, skipUnlock: true, udid: emulator-5554}]}]
Capabilities {appActivity: co.com.bancolombia.personas..., appPackage: co.com.bancolombia.personas..., appWaitDuration: 20000, autoGrantPermissions: true, automationName: UiAutomator2, deviceName: Pixel_3a_API_34_extension_l..., hub: http://127.0.0.1:4723/, newCommandTimeout: 90, platformName: ANDROID, platformVersion: 14, skipUnlock: true, udid: emulator-5554}). See below for more details.</error><system-err>After several attempts, could not instantiate new WebDriver instance of type class io.appium.java_client.AppiumDriver (Could not start a new session. Possible causes are invalid address of the remote server or browser start-up failure. 
Host info: host: 'PB0B0947162', ip: '192.168.1.11'
Build info: version: '4.33.0', revision: '2c6aaad03a'
System info: os.name: 'Windows 11', os.arch: 'amd64', os.version: '10.0', java.version: '11.0.23'
Driver info: io.appium.java_client.android.AndroidDriver
Command: [null, newSession {capabilities=[Capabilities {appActivity: co.com.bancolombia.personas..., appPackage: co.com.bancolombia.personas..., appWaitDuration: 20000, autoGrantPermissions: true, automationName: UiAutomator2, deviceName: Pixel_3a_API_34_extension_l..., hub: http://127.0.0.1:4723/, newCommandTimeout: 90, platformName: ANDROID, platformVersion: 14, skipUnlock: true, udid: emulator-5554}]}]
Capabilities {appActivity: co.com.bancolombia.personas..., appPackage: co.com.bancolombia.personas..., appWaitDuration: 20000, autoGrantPermissions: true, automationName: UiAutomator2, deviceName: Pixel_3a_API_34_extension_l..., hub: http://127.0.0.1:4723/, newCommandTimeout: 90, platformName: ANDROID, platformVersion: 14, skipUnlock: true, udid: emulator-5554}). See below for more details.&#13;
co.com.certificacion.mobile.stepdefinitions.Hooks.setStage(Hooks.java:22)&#13;
</system-err></testcase></testsuite>